2024-10-04 15:02:38,040 - Building LSTM model with input shape (10, 1)
2024-10-04 15:02:38,043 - Starting training for LSTM model...
2024-10-04 15:02:44,496 - Model training complete. MAE: 0.1039155865407694, MSE: 0.013513826753930657, R2: 0.892843694519973
2024-10-04 15:02:53,670 - LSTM Model - MAE: 0.1039155865407694, MSE: 0.013513826753930657, R2 Score: 0.892843694519973
2024-10-04 15:11:31,543 - Building GRU model with input shape (10, 1)
2024-10-04 15:11:31,549 - Starting training for GRU model...
2024-10-04 15:11:38,475 - Model training complete. MAE: 0.05506742357863889, MSE: 0.0037727892635997093, R2: 0.9700841096897689
2024-10-04 15:11:48,515 - GRU Model - MAE: 0.05506742357863889, MSE: 0.0037727892635997093, R2 Score: 0.9700841096897689
2024-10-04 16:17:12,806 - Building GRU model with input shape (10, 1)
2024-10-04 16:17:12,812 - Starting training for GRU model...
2024-10-04 16:17:18,750 - You are saving your model as an HDF5 file via `model.save()` or `keras.saving.save_model(model)`. This file format is considered legacy. We recommend using instead the native Keras format, e.g. `model.save('my_model.keras')` or `keras.saving.save_model(model, 'my_model.keras')`. 
2024-10-04 16:17:19,805 - Model training complete. MAE: 0.043564817329718356, MSE: 0.0024718172911098995, R2: 0.9804000144770285
2024-10-04 16:17:27,474 - GRU Model - MAE: 0.043564817329718356, MSE: 0.0024718172911098995, R2 Score: 0.9804000144770285
2024-10-04 16:18:48,246 - Building LSTM model with input shape (10, 1)
2024-10-04 16:18:48,260 - Starting training for LSTM model...
2024-10-04 16:18:52,467 - You are saving your model as an HDF5 file via `model.save()` or `keras.saving.save_model(model)`. This file format is considered legacy. We recommend using instead the native Keras format, e.g. `model.save('my_model.keras')` or `keras.saving.save_model(model, 'my_model.keras')`. 
2024-10-04 16:18:53,206 - Model training complete. MAE: 0.106695423641015, MSE: 0.014204134994904225, R2: 0.8873699762244777
2024-10-04 16:19:00,823 - LSTM Model - MAE: 0.106695423641015, MSE: 0.014204134994904225, R2 Score: 0.8873699762244777
2024-10-06 05:17:01,338 - Building LSTM model with input shape (10, 1)
2024-10-06 05:17:01,352 - Starting training for LSTM model...
2024-10-06 05:17:04,605 - You are saving your model as an HDF5 file via `model.save()` or `keras.saving.save_model(model)`. This file format is considered legacy. We recommend using instead the native Keras format, e.g. `model.save('my_model.keras')` or `keras.saving.save_model(model, 'my_model.keras')`. 
2024-10-06 05:17:05,124 - Model training complete. MAE: 0.05422381029866564, MSE: 0.004052960713023127, R2: 0.9678625230165148
2024-10-06 05:17:11,683 - LSTM Model - MAE: 0.05422381029866564, MSE: 0.004052960713023127, R2 Score: 0.9678625230165148
2024-10-06 05:17:17,349 - Building LSTM model with input shape (10, 1)
2024-10-06 05:17:17,365 - Starting training for LSTM model...
2024-10-06 05:17:21,946 - You are saving your model as an HDF5 file via `model.save()` or `keras.saving.save_model(model)`. This file format is considered legacy. We recommend using instead the native Keras format, e.g. `model.save('my_model.keras')` or `keras.saving.save_model(model, 'my_model.keras')`. 
2024-10-06 05:17:22,860 - Model training complete. MAE: 0.10226992356272306, MSE: 0.013036449961533973, R2: 0.8966289978486734
2024-10-06 05:17:29,597 - LSTM Model - MAE: 0.10226992356272306, MSE: 0.013036449961533973, R2 Score: 0.8966289978486734
2024-10-06 05:28:34,318 - Building GRU model with input shape (10, 1)
2024-10-06 05:28:34,324 - Starting training for GRU model...
2024-10-06 05:28:39,158 - You are saving your model as an HDF5 file via `model.save()` or `keras.saving.save_model(model)`. This file format is considered legacy. We recommend using instead the native Keras format, e.g. `model.save('my_model.keras')` or `keras.saving.save_model(model, 'my_model.keras')`. 
2024-10-06 05:28:39,909 - Model training complete. MAE: 0.04554504942614621, MSE: 0.0025872522460378294, R2: 0.9794846865304325
2024-10-06 05:28:47,759 - Building GRU model with input shape (10, 1)
2024-10-06 05:28:47,764 - Starting training for GRU model...
2024-10-06 05:28:52,788 - You are saving your model as an HDF5 file via `model.save()` or `keras.saving.save_model(model)`. This file format is considered legacy. We recommend using instead the native Keras format, e.g. `model.save('my_model.keras')` or `keras.saving.save_model(model, 'my_model.keras')`. 
2024-10-06 05:28:53,365 - Model training complete. MAE: 0.0540300174423542, MSE: 0.003584278568751332, R2: 0.971578883151886
2024-10-06 05:30:43,340 - Building GRU model with input shape (10, 1)
2024-10-06 05:30:43,344 - Starting training for GRU model...
2024-10-06 05:30:47,899 - You are saving your model as an HDF5 file via `model.save()` or `keras.saving.save_model(model)`. This file format is considered legacy. We recommend using instead the native Keras format, e.g. `model.save('my_model.keras')` or `keras.saving.save_model(model, 'my_model.keras')`. 
2024-10-06 05:30:48,763 - Model training complete. MAE: 0.04219165715975597, MSE: 0.0022143736115608865, R2: 0.9824413839626653
2024-10-06 05:30:56,216 - Building GRU model with input shape (10, 1)
2024-10-06 05:30:56,221 - Starting training for GRU model...
2024-10-06 05:31:01,218 - You are saving your model as an HDF5 file via `model.save()` or `keras.saving.save_model(model)`. This file format is considered legacy. We recommend using instead the native Keras format, e.g. `model.save('my_model.keras')` or `keras.saving.save_model(model, 'my_model.keras')`. 
2024-10-06 05:31:02,107 - Model training complete. MAE: 0.04062612626960505, MSE: 0.0021673237133316885, R2: 0.982814460616618
2024-10-06 05:31:27,579 - Building GRU model with input shape (10, 1)
2024-10-06 05:31:27,583 - Starting training for GRU model...
2024-10-06 05:31:31,993 - You are saving your model as an HDF5 file via `model.save()` or `keras.saving.save_model(model)`. This file format is considered legacy. We recommend using instead the native Keras format, e.g. `model.save('my_model.keras')` or `keras.saving.save_model(model, 'my_model.keras')`. 
2024-10-06 05:31:32,759 - Model training complete. MAE: 0.04786376822992773, MSE: 0.002765792643510197, R2: 0.9780689713728803
2024-10-06 05:31:40,670 - GRU Model - MAE: 0.04786376822992773, MSE: 0.002765792643510197, R2 Score: 0.9780689713728803
